<?xml version="1.0" encoding="UTF-8"?>
<!-- Generated by org.testng.reporters.JUnitReportReporter -->
<testsuite skipped="0" hostname="VSCLPTEST10" name="com.tng.basics.Test1" tests="2" failures="0" timestamp="20 Nov 2018 09:57:21 GMT" time="0.006" errors="0">
  <testcase name="t2" time="0.004" classname="com.tng.basics.Test1"/>
  <testcase name="t1" time="0.002" classname="com.tng.basics.Test1"/>
</testsuite> <!-- com.tng.basics.Test1 -->
