<?xml version="1.0" encoding="UTF-8"?>
<!-- Generated by org.testng.reporters.JUnitReportReporter -->
<testsuite skipped="0" hostname="VSCLPTEST10" name="com.wd.tng.LssLogin2" tests="1" failures="0" timestamp="20 Nov 2018 10:03:30 GMT" time="2.276" errors="0">
  <testcase name="login" time="2.276" classname="com.wd.tng.LssLogin2"/>
</testsuite> <!-- com.wd.tng.LssLogin2 -->
