<?xml version="1.0" encoding="UTF-8"?>
<!-- Generated by org.testng.reporters.JUnitReportReporter -->
<testsuite skipped="0" hostname="VSCLPTEST10" name="com.wd.tng.LssLoginTest" tests="3" failures="0" timestamp="21 Nov 2018 10:41:12 GMT" time="44.480" errors="0">
  <testcase name="login" time="16.700" classname="com.wd.tng.LssLoginTest"/>
  <testcase name="login" time="13.067" classname="com.wd.tng.LssLoginTest"/>
  <testcase name="login" time="14.713" classname="com.wd.tng.LssLoginTest"/>
</testsuite> <!-- com.wd.tng.LssLoginTest -->
