<?xml version="1.0" encoding="UTF-8"?>
<!-- Generated by org.testng.reporters.JUnitReportReporter -->
<testsuite skipped="0" hostname="VSCLPTEST10" name="com.tng.basics.TestDP" tests="3" failures="0" timestamp="21 Nov 2018 10:29:07 GMT" time="0.027" errors="0">
  <testcase name="t3" time="0.019" classname="com.tng.basics.TestDP"/>
  <testcase name="t3" time="0.000" classname="com.tng.basics.TestDP"/>
  <testcase name="t4" time="0.008" classname="com.tng.basics.TestDP"/>
</testsuite> <!-- com.tng.basics.TestDP -->
