<?xml version="1.0" encoding="UTF-8"?>
<!-- Generated by org.testng.reporters.JUnitReportReporter -->
<testsuite skipped="0" hostname="VSCLPTEST10" name="com.tng.basics.Gmail" tests="2" failures="0" timestamp="20 Nov 2018 09:56:11 GMT" time="0.014" errors="0">
  <testcase name="login" time="0.002" classname="com.tng.basics.Gmail"/>
  <testcase name="openApplication" time="0.012" classname="com.tng.basics.Gmail"/>
</testsuite> <!-- com.tng.basics.Gmail -->
