<?xml version="1.0" encoding="UTF-8"?>
<!-- Generated by org.testng.reporters.JUnitReportReporter -->
<testsuite skipped="0" hostname="VSCLPTEST10" name="com.tng.basics.Test2" tests="2" failures="0" timestamp="20 Nov 2018 09:53:14 GMT" time="0.004" errors="0">
  <testcase name="t4" time="0.002" classname="com.tng.basics.Test2"/>
  <testcase name="t3" time="0.002" classname="com.tng.basics.Test2"/>
</testsuite> <!-- com.tng.basics.Test2 -->
