<?xml version="1.0" encoding="UTF-8"?>
<!-- Generated by org.testng.reporters.JUnitReportReporter -->
<testsuite skipped="0" hostname="VSCLPTEST10" name="com.wd.tng.LssLogin" tests="1" failures="0" timestamp="20 Nov 2018 10:02:12 GMT" time="2.338" errors="0">
  <testcase name="login" time="2.338" classname="com.wd.tng.LssLogin"/>
</testsuite> <!-- com.wd.tng.LssLogin -->
